2024-10-12 14:55:49,720 DEBUG e.Start [main] Запуск идентификации
2024-10-12 14:56:07,806 DEBUG e.Start [main] Запуск идентификации
2024-10-12 15:55:08,408 INFO e.Start [main] Запуск идентификации
2024-10-12 15:55:13,403 INFO e.Identification [main] Эмейл валиден
2024-10-12 15:55:13,404 INFO e.Identification [main] Пользователь с таким емэйлом не существует - направляем на регистрацию
2024-10-12 15:55:15,403 INFO e.Registration [main] Пользователь указаал валидное имя, запускается создание пароля
2024-10-12 15:55:16,317 INFO e.Registration [main] Пользователь указал валидный пароль, создается новый юзер в БД
2024-10-12 15:55:16,318 INFO s.UsersController [main] Юзер добавляется с помощью UsersController в БД
2024-10-12 15:55:16,318 INFO s.UsersStorage [main] Добавлен пользователь: ss
2024-10-12 15:55:16,318 INFO m.AuthorizationMenu [main] меню авторизации запущено
2024-10-12 15:55:16,319 INFO m.AuthorizationMenu [main] выведен список команд
2024-10-12 15:55:17,685 INFO m.AuthorizationMenu [main] Пользователь написал корректную команду
2024-10-12 15:55:17,686 INFO m.AuthorizationMenu [main] Пользователь выбрал редактирование привычек, запускается меню привычек
2024-10-12 15:55:17,686 INFO m.HabitsRedactorMenu [main] Запущено меню привычек
2024-10-12 15:55:18,642 INFO m.HabitsRedactorMenu [main] Пользователь ввел корректную команду
2024-10-12 15:55:18,643 INFO m.HabitsRedactorMenu [main] Пользователь выбрал создание новой привычки
2024-10-12 15:55:22,906 INFO s.UsersController [main] UsersController делает запрос на добавление привычки юзеру в UsersStorage
2024-10-12 15:55:22,907 INFO s.UsersStorage [main] Пользователю ss добавлена привычка rfkmrfrfmr
2024-10-12 15:55:22,907 INFO s.UsersStorage [main] пользователь обновлен
2024-10-12 15:55:24,630 INFO m.HabitsRedactorMenu [main] Пользователь ввел корректную команду
2024-10-12 15:55:24,631 INFO m.HabitsRedactorMenu [main] Пользователь выбрал редактирование существующей привычки
2024-10-12 15:55:24,631 INFO h.HabitEditor [main] Запущен выбор привычки которую пользователь будет редактировать
2024-10-12 15:55:24,631 INFO h.HabitUnmarker [main] Запущена размаркировка выполненных привычек если уже прошло время
2024-10-12 15:55:24,631 INFO s.UsersController [main] Юзер обновляется
2024-10-12 15:55:24,631 INFO s.UsersStorage [main] Пользователь с почтой s@mail.ru удален
2024-10-12 15:55:24,631 INFO s.UsersStorage [main] Добавлен пользователь: ss
2024-10-12 15:55:26,116 INFO h.HabitEditor [main] Пользователь ввел корректный номер привычки для редактирования
2024-10-12 15:55:26,116 INFO h.HabitEditor [main] Запущено редактирование, пользователь выбирает что именно изменить в привычке
2024-10-12 15:55:27,648 INFO h.HabitEditor [main] Пользователь ввел корректный номер части привычки
2024-10-12 15:55:27,649 INFO h.HabitEditor [main] Пользователь выбрал редактирование имени привычки
2024-10-12 15:55:27,649 INFO h.HabitEditor [main] Запущен запрос нового имени привычки
2024-10-12 15:55:28,465 INFO h.HabitEditor [main] Пользователь ввел невалидное новое имя привычки, имя будет запрошено снова
2024-10-12 15:55:29,466 INFO h.HabitEditor [main] Запущен запрос нового имени привычки
2024-10-12 15:55:29,815 INFO h.HabitEditor [main] Пользователь ввел валидное новое имя привычки
2024-10-12 15:55:29,816 INFO s.UsersController [main] Привычка у юзера обновляется
2024-10-12 15:55:29,816 INFO s.UsersStorage [main] Добавлен пользователь: ss
2024-10-12 15:55:32,421 INFO m.HabitsRedactorMenu [main] Пользователь ввел корректную команду
2024-10-12 15:55:32,421 INFO m.AuthorizationMenu [main] выведен список команд
2024-10-12 20:38:23,776 INFO e.Start [main] Запуск идентификации
2024-10-12 20:38:27,189 INFO e.Identification [main] Эмейл валиден
2024-10-12 20:38:27,189 INFO e.Identification [main] Пользователь с таким емэйлом не существует - направляем на регистрацию
2024-10-12 20:38:28,191 INFO e.Registration [main] Пользователь указаал валидное имя, запускается создание пароля
2024-10-12 20:38:28,836 INFO e.Registration [main] Пользователь указал валидный пароль, создается новый юзер в БД
2024-10-12 20:38:28,837 INFO s.UsersController [main] Юзер добавляется с помощью UsersController в БД
2024-10-12 20:38:28,837 INFO s.UsersStorage [main] Добавлен пользователь: s
2024-10-12 20:38:28,837 INFO m.AuthorizationMenu [main] меню авторизации запущено
2024-10-12 20:38:28,837 INFO m.AuthorizationMenu [main] выведен список команд
2024-10-12 20:38:30,199 INFO m.AuthorizationMenu [main] Пользователь написал корректную команду
2024-10-12 20:38:30,201 INFO m.AuthorizationMenu [main] Пользователь выбрал редактирование привычек, запускается меню привычек
2024-10-12 20:38:30,201 INFO m.HabitsRedactorMenu [main] Запущено меню привычек
2024-10-12 20:38:31,080 INFO m.HabitsRedactorMenu [main] Пользователь ввел корректную команду
2024-10-12 20:38:31,081 INFO m.HabitsRedactorMenu [main] Пользователь выбрал создание новой привычки
2024-10-12 20:38:36,918 INFO s.UsersController [main] UsersController делает запрос на добавление привычки юзеру в UsersStorage
2024-10-12 20:38:36,919 INFO s.UsersStorage [main] Пользователю s добавлена привычка pflrpfke
2024-10-12 20:38:36,919 INFO s.UsersStorage [main] пользователь обновлен
2024-10-12 20:38:38,891 INFO m.HabitsRedactorMenu [main] Пользователь ввел корректную команду
2024-10-12 20:38:38,891 INFO m.HabitsRedactorMenu [main] Пользователь выбрал редактирование существующей привычки
2024-10-12 20:38:38,891 INFO h.HabitEditor [main] Запущен выбор привычки которую пользователь будет редактировать
2024-10-12 20:38:38,892 INFO h.HabitUnmarker [main] Запущена размаркировка выполненных привычек если уже прошло время
2024-10-12 20:38:38,892 INFO s.UsersController [main] Юзер обновляется
2024-10-12 20:38:38,892 INFO s.UsersStorage [main] Пользователь с почтой s@mail.ru удален
2024-10-12 20:38:38,892 INFO s.UsersStorage [main] Добавлен пользователь: s
2024-10-12 20:38:40,209 INFO h.HabitEditor [main] Пользователь ввел корректный номер привычки для редактирования
2024-10-12 20:38:40,210 INFO h.HabitEditor [main] Запущено редактирование, пользователь выбирает что именно изменить в привычке
2024-10-12 20:38:41,561 INFO h.HabitEditor [main] Пользователь ввел корректный номер части привычки
2024-10-12 20:38:41,562 INFO h.HabitEditor [main] Пользователь выбрал редактирование имени привычки
2024-10-12 20:38:41,563 INFO h.HabitEditor [main] Запущен запрос нового имени привычки
2024-10-12 20:38:43,554 INFO h.HabitEditor [main] Пользователь ввел валидное новое имя привычки
2024-10-12 20:38:43,554 INFO s.UsersController [main] Привычка у юзера обновляется
2024-10-12 20:38:43,554 INFO s.UsersStorage [main] Добавлен пользователь: s
2024-10-12 20:38:45,892 INFO m.HabitsRedactorMenu [main] Пользователь ввел корректную команду
2024-10-12 20:38:45,892 INFO m.AuthorizationMenu [main] выведен список команд
2024-10-12 20:38:47,153 INFO m.AuthorizationMenu [main] Пользователь написал корректную команду
2024-10-12 20:38:47,158 INFO e.Start [main] Запуск идентификации
